0 info it worked if it ends with ok
1 verbose cli [ '/Users/juldiadia/.nvm/versions/node/v5.10.1/bin/node',
1 verbose cli   '/Users/juldiadia/.nvm/versions/node/v5.10.1/bin/npm',
1 verbose cli   'publish',
1 verbose cli   '.' ]
2 info using npm@3.8.3
3 info using node@v5.10.1
4 verbose publish [ '.' ]
5 silly cache add args [ '.', null ]
6 verbose cache add spec .
7 silly cache add parsed spec Result {
7 silly cache add   raw: '.',
7 silly cache add   scope: null,
7 silly cache add   name: null,
7 silly cache add   rawSpec: '.',
7 silly cache add   spec: '/Users/juldiadia/Work/react-native-couchbase-lite',
7 silly cache add   type: 'directory' }
8 verbose addLocalDirectory /Users/juldiadia/.npm/react-native-couchbase/1.1.2/package.tgz not in flight; packing
9 verbose correctMkdir /Users/juldiadia/.npm correctMkdir not in flight; initializing
10 info lifecycle react-native-couchbase@1.1.2~prepublish: react-native-couchbase@1.1.2
11 silly lifecycle react-native-couchbase@1.1.2~prepublish: no script for prepublish, continuing
12 verbose tar pack [ '/Users/juldiadia/.npm/react-native-couchbase/1.1.2/package.tgz',
12 verbose tar pack   '/Users/juldiadia/Work/react-native-couchbase-lite' ]
13 verbose tarball /Users/juldiadia/.npm/react-native-couchbase/1.1.2/package.tgz
14 verbose folder /Users/juldiadia/Work/react-native-couchbase-lite
15 verbose addLocalTarball adding from inside cache /Users/juldiadia/.npm/react-native-couchbase/1.1.2/package.tgz
16 verbose correctMkdir /Users/juldiadia/.npm correctMkdir not in flight; initializing
17 silly cache afterAdd react-native-couchbase@1.1.2
18 verbose afterAdd /Users/juldiadia/.npm/react-native-couchbase/1.1.2/package/package.json not in flight; writing
19 verbose correctMkdir /Users/juldiadia/.npm correctMkdir not in flight; initializing
20 verbose afterAdd /Users/juldiadia/.npm/react-native-couchbase/1.1.2/package/package.json written
21 silly publish { _args: [ [ 'react-native-couchbase@*', '/Users/juldiadia/Work/mobapp' ] ],
21 silly publish   _from: '.',
21 silly publish   _id: 'react-native-couchbase@1.1.2',
21 silly publish   _inCache: true,
21 silly publish   _installable: true,
21 silly publish   _location: '/react-native-couchbase',
21 silly publish   _nodeVersion: '5.8.0',
21 silly publish   _npmOperationalInternal:
21 silly publish    { host: 'packages-12-west.internal.npmjs.com',
21 silly publish      tmp: 'tmp/react-native-couchbase-1.1.2.tgz_1458206550795_0.8927902770228684' },
21 silly publish   _npmUser: { email: 'julian.diaz@upinion.com', name: 'juldiadia' },
21 silly publish   _npmVersion: '3.8.2',
21 silly publish   _phantomChildren: {},
21 silly publish   _requested:
21 silly publish    { name: 'react-native-couchbase',
21 silly publish      raw: 'react-native-couchbase@*',
21 silly publish      rawSpec: '*',
21 silly publish      scope: null,
21 silly publish      spec: '*',
21 silly publish      type: 'range' },
21 silly publish   _requiredBy: [ '/' ],
21 silly publish   _shasum: '0cbfda146894ec64dd25036db925edf43da0bcab',
21 silly publish   _shrinkwrap: null,
21 silly publish   _spec: 'react-native-couchbase@*',
21 silly publish   _where: '/Users/juldiadia/Work/mobapp',
21 silly publish   author: { name: 'JDiaz', email: 'julian.diaz@upinion.com' },
21 silly publish   bugs: { url: 'https://github.com/Upinion/react-native-couchbase-lite/issues' },
21 silly publish   contributors: [ { name: 'Alberto Mtnz', email: 'alberto.martinez@upinion.com' } ],
21 silly publish   dependencies: {},
21 silly publish   description: 'React native Couchbase allows to start a couchbase server and sync.',
21 silly publish   devDependencies: {},
21 silly publish   directories: {},
21 silly publish   dist:
21 silly publish    { shasum: '84583024652bc93268a3ab1595350939302a4cfa',
21 silly publish      tarball: 'https://registry.npmjs.org/react-native-couchbase/-/react-native-couchbase-1.1.2.tgz' },
21 silly publish   gitHead: 'f089e20d614ecc03a70314efe350fac7614eed2f',
21 silly publish   homepage: 'https://github.com/Upinion/react-native-couchbase-lite#readme',
21 silly publish   keywords: [ 'react', 'react-native', 'android', 'ios', 'couchbase' ],
21 silly publish   license: 'MIT',
21 silly publish   main: 'index.js',
21 silly publish   maintainers: [ { name: 'juldiadia', email: 'julian.diaz@upinion.com' } ],
21 silly publish   name: 'react-native-couchbase',
21 silly publish   optionalDependencies: {},
21 silly publish   peerDependencies: { 'react-native': '>=0.11' },
21 silly publish   readme: 'ERROR: No README data found!',
21 silly publish   repository:
21 silly publish    { type: 'git',
21 silly publish      url: 'git+https://github.com/Upinion/react-native-couchbase-lite.git' },
21 silly publish   scripts: { test: 'echo "Error: no test specified" && exit 1' },
21 silly publish   version: '1.1.2' }
22 verbose getPublishConfig undefined
23 silly mapToRegistry name react-native-couchbase
24 silly mapToRegistry using default registry
25 silly mapToRegistry registry https://registry.npmjs.org/
26 silly mapToRegistry data Result {
26 silly mapToRegistry   raw: 'react-native-couchbase',
26 silly mapToRegistry   scope: null,
26 silly mapToRegistry   name: 'react-native-couchbase',
26 silly mapToRegistry   rawSpec: '',
26 silly mapToRegistry   spec: 'latest',
26 silly mapToRegistry   type: 'tag' }
27 silly mapToRegistry uri https://registry.npmjs.org/react-native-couchbase
28 verbose publish registryBase https://registry.npmjs.org/
29 silly publish uploading /Users/juldiadia/.npm/react-native-couchbase/1.1.2/package.tgz
30 verbose request uri https://registry.npmjs.org/react-native-couchbase
31 verbose request sending authorization for write operation
32 info attempt registry request try #1 at 12:39:39
33 verbose request using bearer token for auth
34 verbose request id 31da9a613950ca9e
35 http request PUT https://registry.npmjs.org/react-native-couchbase
36 http 403 https://registry.npmjs.org/react-native-couchbase
37 verbose headers { 'content-type': 'application/json',
37 verbose headers   'cache-control': 'max-age=300',
37 verbose headers   'content-length': '95',
37 verbose headers   'accept-ranges': 'bytes',
37 verbose headers   date: 'Thu, 12 May 2016 10:39:59 GMT',
37 verbose headers   via: '1.1 varnish',
37 verbose headers   connection: 'keep-alive',
37 verbose headers   'x-served-by': 'cache-ams4124-AMS',
37 verbose headers   'x-cache': 'MISS',
37 verbose headers   'x-cache-hits': '0',
37 verbose headers   'x-timer': 'S1463049578.609523,VS0,VE20665',
37 verbose headers   vary: 'Accept-Encoding' }
38 verbose request invalidating /Users/juldiadia/.npm/registry.npmjs.org/react-native-couchbase on PUT
39 error publish Failed PUT 403
40 verbose stack Error: "You cannot publish over the previously published version 1.1.2." : react-native-couchbase
40 verbose stack     at makeError (/Users/juldiadia/.nvm/versions/node/v5.10.1/lib/node_modules/npm/node_modules/npm-registry-client/lib/request.js:264:12)
40 verbose stack     at CachingRegistryClient.<anonymous> (/Users/juldiadia/.nvm/versions/node/v5.10.1/lib/node_modules/npm/node_modules/npm-registry-client/lib/request.js:252:14)
40 verbose stack     at Request._callback (/Users/juldiadia/.nvm/versions/node/v5.10.1/lib/node_modules/npm/node_modules/npm-registry-client/lib/request.js:172:14)
40 verbose stack     at Request.self.callback (/Users/juldiadia/.nvm/versions/node/v5.10.1/lib/node_modules/npm/node_modules/request/request.js:199:22)
40 verbose stack     at emitTwo (events.js:100:13)
40 verbose stack     at Request.emit (events.js:185:7)
40 verbose stack     at Request.<anonymous> (/Users/juldiadia/.nvm/versions/node/v5.10.1/lib/node_modules/npm/node_modules/request/request.js:1036:10)
40 verbose stack     at emitOne (events.js:95:20)
40 verbose stack     at Request.emit (events.js:182:7)
40 verbose stack     at IncomingMessage.<anonymous> (/Users/juldiadia/.nvm/versions/node/v5.10.1/lib/node_modules/npm/node_modules/request/request.js:963:12)
41 verbose statusCode 403
42 verbose pkgid react-native-couchbase
43 verbose cwd /Users/juldiadia/Work/react-native-couchbase-lite
44 error Darwin 15.4.0
45 error argv "/Users/juldiadia/.nvm/versions/node/v5.10.1/bin/node" "/Users/juldiadia/.nvm/versions/node/v5.10.1/bin/npm" "publish" "."
46 error node v5.10.1
47 error npm  v3.8.3
48 error code E403
49 error "You cannot publish over the previously published version 1.1.2." : react-native-couchbase
50 error If you need help, you may report this error at:
50 error     <https://github.com/npm/npm/issues>
51 verbose exit [ 1, true ]
